{"D:\\work\\SE\\job_fair_Backend\\server.js": {"path":"D:\\work\\SE\\job_fair_Backend\\server.js","statementMap":{"0":{"start":{"line":1,"column":16},"end":{"line":1,"column":34}},"1":{"start":{"line":2,"column":15},"end":{"line":2,"column":32}},"2":{"start":{"line":3,"column":21},"end":{"line":3,"column":45}},"3":{"start":{"line":4,"column":18},"end":{"line":4,"column":40}},"4":{"start":{"line":5,"column":22},"end":{"line":5,"column":55}},"5":{"start":{"line":6,"column":15},"end":{"line":6,"column":32}},"6":{"start":{"line":7,"column":14},"end":{"line":7,"column":46}},"7":{"start":{"line":8,"column":16},"end":{"line":8,"column":45}},"8":{"start":{"line":9,"column":10},"end":{"line":9,"column":24}},"9":{"start":{"line":10,"column":21},"end":{"line":10,"column":45}},"10":{"start":{"line":11,"column":18},"end":{"line":11,"column":48}},"11":{"start":{"line":12,"column":19},"end":{"line":12,"column":41}},"12":{"start":{"line":13,"column":11},"end":{"line":13,"column":26}},"13":{"start":{"line":16,"column":0},"end":{"line":16,"column":44}},"14":{"start":{"line":18,"column":0},"end":{"line":18,"column":12}},"15":{"start":{"line":21,"column":18},"end":{"line":21,"column":47}},"16":{"start":{"line":22,"column":13},"end":{"line":22,"column":37}},"17":{"start":{"line":23,"column":19},"end":{"line":23,"column":49}},"18":{"start":{"line":24,"column":18},"end":{"line":24,"column":47}},"19":{"start":{"line":26,"column":12},"end":{"line":26,"column":21}},"20":{"start":{"line":29,"column":0},"end":{"line":29,"column":24}},"21":{"start":{"line":32,"column":0},"end":{"line":32,"column":25}},"22":{"start":{"line":35,"column":0},"end":{"line":35,"column":18}},"23":{"start":{"line":38,"column":0},"end":{"line":38,"column":15}},"24":{"start":{"line":41,"column":0},"end":{"line":41,"column":15}},"25":{"start":{"line":44,"column":0},"end":{"line":44,"column":16}},"26":{"start":{"line":46,"column":0},"end":{"line":46,"column":27}},"27":{"start":{"line":47,"column":0},"end":{"line":47,"column":50}},"28":{"start":{"line":49,"column":0},"end":{"line":49,"column":24}},"29":{"start":{"line":51,"column":14},"end":{"line":54,"column":2}},"30":{"start":{"line":55,"column":0},"end":{"line":55,"column":17}},"31":{"start":{"line":58,"column":0},"end":{"line":58,"column":40}},"32":{"start":{"line":59,"column":0},"end":{"line":59,"column":30}},"33":{"start":{"line":60,"column":0},"end":{"line":60,"column":60}},"34":{"start":{"line":61,"column":0},"end":{"line":61,"column":41}},"35":{"start":{"line":63,"column":0},"end":{"line":63,"column":59}},"36":{"start":{"line":64,"column":0},"end":{"line":64,"column":40}},"37":{"start":{"line":66,"column":13},"end":{"line":66,"column":37}},"38":{"start":{"line":68,"column":15},"end":{"line":73,"column":5}},"39":{"start":{"line":75,"column":22},"end":{"line":90,"column":1}},"40":{"start":{"line":92,"column":20},"end":{"line":92,"column":48}},"41":{"start":{"line":93,"column":0},"end":{"line":93,"column":67}},"42":{"start":{"line":95,"column":0},"end":{"line":98,"column":3}},"43":{"start":{"line":96,"column":4},"end":{"line":96,"column":41}},"44":{"start":{"line":97,"column":4},"end":{"line":97,"column":38}},"45":{"start":{"line":97,"column":21},"end":{"line":97,"column":36}},"46":{"start":{"line":100,"column":0},"end":{"line":100,"column":21}}},"fnMap":{"0":{"name":"(anonymous_0)","decl":{"start":{"line":95,"column":32},"end":{"line":95,"column":33}},"loc":{"start":{"line":95,"column":47},"end":{"line":98,"column":1}},"line":95},"1":{"name":"(anonymous_1)","decl":{"start":{"line":97,"column":17},"end":{"line":97,"column":18}},"loc":{"start":{"line":97,"column":21},"end":{"line":97,"column":36}},"line":97}},"branchMap":{"0":{"loc":{"start":{"line":66,"column":13},"end":{"line":66,"column":37}},"type":"binary-expr","locations":[{"start":{"line":66,"column":13},"end":{"line":66,"column":29}},{"start":{"line":66,"column":33},"end":{"line":66,"column":37}}],"line":66}},"s":{"0":1,"1":1,"2":1,"3":1,"4":1,"5":1,"6":1,"7":1,"8":1,"9":1,"10":1,"11":1,"12":1,"13":1,"14":1,"15":1,"16":1,"17":1,"18":1,"19":1,"20":1,"21":1,"22":1,"23":1,"24":1,"25":1,"26":1,"27":1,"28":1,"29":1,"30":1,"31":1,"32":1,"33":1,"34":1,"35":1,"36":1,"37":1,"38":1,"39":1,"40":1,"41":1,"42":1,"43":0,"44":0,"45":0,"46":1},"f":{"0":0,"1":0},"b":{"0":[1,1]},"_coverageSchema":"1a1c01bbd47fc00a2c39e90264f33305004495a9","hash":"449e4125cf8657ad9f0ed936d25fabe3de073cca"}
,"D:\\work\\SE\\job_fair_Backend\\config\\db.js": {"path":"D:\\work\\SE\\job_fair_Backend\\config\\db.js","statementMap":{"0":{"start":{"line":1,"column":17},"end":{"line":1,"column":36}},"1":{"start":{"line":3,"column":18},"end":{"line":9,"column":1}},"2":{"start":{"line":4,"column":4},"end":{"line":4,"column":37}},"3":{"start":{"line":5,"column":17},"end":{"line":5,"column":62}},"4":{"start":{"line":7,"column":4},"end":{"line":7,"column":62}},"5":{"start":{"line":11,"column":0},"end":{"line":11,"column":27}}},"fnMap":{"0":{"name":"(anonymous_0)","decl":{"start":{"line":3,"column":18},"end":{"line":3,"column":19}},"loc":{"start":{"line":3,"column":29},"end":{"line":9,"column":1}},"line":3}},"branchMap":{},"s":{"0":1,"1":1,"2":1,"3":1,"4":0,"5":1},"f":{"0":1},"b":{},"_coverageSchema":"1a1c01bbd47fc00a2c39e90264f33305004495a9","hash":"deead083a42f46115c4c3d289915d50e57ce0f56"}
,"D:\\work\\SE\\job_fair_Backend\\controllers\\auth.js": {"path":"D:\\work\\SE\\job_fair_Backend\\controllers\\auth.js","statementMap":{"0":{"start":{"line":1,"column":13},"end":{"line":1,"column":38}},"1":{"start":{"line":6,"column":0},"end":{"line":26,"column":2}},"2":{"start":{"line":7,"column":4},"end":{"line":25,"column":5}},"3":{"start":{"line":8,"column":51},"end":{"line":8,"column":59}},"4":{"start":{"line":11,"column":21},"end":{"line":17,"column":10}},"5":{"start":{"line":21,"column":8},"end":{"line":21,"column":40}},"6":{"start":{"line":23,"column":8},"end":{"line":23,"column":46}},"7":{"start":{"line":24,"column":8},"end":{"line":24,"column":31}},"8":{"start":{"line":31,"column":0},"end":{"line":61,"column":2}},"9":{"start":{"line":32,"column":4},"end":{"line":60,"column":5}},"10":{"start":{"line":33,"column":36},"end":{"line":33,"column":44}},"11":{"start":{"line":36,"column":8},"end":{"line":39,"column":9}},"12":{"start":{"line":37,"column":12},"end":{"line":37,"column":64}},"13":{"start":{"line":38,"column":12},"end":{"line":38,"column":105}},"14":{"start":{"line":42,"column":21},"end":{"line":42,"column":90}},"15":{"start":{"line":44,"column":8},"end":{"line":47,"column":9}},"16":{"start":{"line":45,"column":12},"end":{"line":45,"column":35}},"17":{"start":{"line":46,"column":12},"end":{"line":46,"column":88}},"18":{"start":{"line":50,"column":24},"end":{"line":50,"column":58}},"19":{"start":{"line":51,"column":8},"end":{"line":54,"column":9}},"20":{"start":{"line":52,"column":12},"end":{"line":52,"column":47}},"21":{"start":{"line":53,"column":12},"end":{"line":53,"column":88}},"22":{"start":{"line":57,"column":8},"end":{"line":57,"column":42}},"23":{"start":{"line":59,"column":8},"end":{"line":59,"column":100}},"24":{"start":{"line":65,"column":26},"end":{"line":86,"column":1}},"25":{"start":{"line":67,"column":18},"end":{"line":67,"column":42}},"26":{"start":{"line":69,"column":20},"end":{"line":72,"column":5}},"27":{"start":{"line":74,"column":4},"end":{"line":76,"column":5}},"28":{"start":{"line":75,"column":8},"end":{"line":75,"column":30}},"29":{"start":{"line":77,"column":4},"end":{"line":85,"column":6}},"30":{"start":{"line":91,"column":0},"end":{"line":97,"column":2}},"31":{"start":{"line":92,"column":17},"end":{"line":92,"column":49}},"32":{"start":{"line":93,"column":4},"end":{"line":96,"column":7}},"33":{"start":{"line":99,"column":1},"end":{"line":108,"column":2}},"34":{"start":{"line":100,"column":4},"end":{"line":103,"column":7}},"35":{"start":{"line":104,"column":4},"end":{"line":107,"column":7}}},"fnMap":{"0":{"name":"(anonymous_0)","decl":{"start":{"line":6,"column":19},"end":{"line":6,"column":20}},"loc":{"start":{"line":6,"column":41},"end":{"line":26,"column":1}},"line":6},"1":{"name":"(anonymous_1)","decl":{"start":{"line":31,"column":16},"end":{"line":31,"column":17}},"loc":{"start":{"line":31,"column":42},"end":{"line":61,"column":1}},"line":31},"2":{"name":"(anonymous_2)","decl":{"start":{"line":65,"column":26},"end":{"line":65,"column":27}},"loc":{"start":{"line":65,"column":49},"end":{"line":86,"column":1}},"line":65},"3":{"name":"(anonymous_3)","decl":{"start":{"line":91,"column":16},"end":{"line":91,"column":17}},"loc":{"start":{"line":91,"column":37},"end":{"line":97,"column":1}},"line":91},"4":{"name":"(anonymous_4)","decl":{"start":{"line":99,"column":18},"end":{"line":99,"column":19}},"loc":{"start":{"line":99,"column":39},"end":{"line":108,"column":1}},"line":99}},"branchMap":{"0":{"loc":{"start":{"line":36,"column":8},"end":{"line":39,"column":9}},"type":"if","locations":[{"start":{"line":36,"column":8},"end":{"line":39,"column":9}},{"start":{},"end":{}}],"line":36},"1":{"loc":{"start":{"line":36,"column":12},"end":{"line":36,"column":31}},"type":"binary-expr","locations":[{"start":{"line":36,"column":12},"end":{"line":36,"column":18}},{"start":{"line":36,"column":22},"end":{"line":36,"column":31}}],"line":36},"2":{"loc":{"start":{"line":44,"column":8},"end":{"line":47,"column":9}},"type":"if","locations":[{"start":{"line":44,"column":8},"end":{"line":47,"column":9}},{"start":{},"end":{}}],"line":44},"3":{"loc":{"start":{"line":51,"column":8},"end":{"line":54,"column":9}},"type":"if","locations":[{"start":{"line":51,"column":8},"end":{"line":54,"column":9}},{"start":{},"end":{}}],"line":51},"4":{"loc":{"start":{"line":74,"column":4},"end":{"line":76,"column":5}},"type":"if","locations":[{"start":{"line":74,"column":4},"end":{"line":76,"column":5}},{"start":{},"end":{}}],"line":74}},"s":{"0":1,"1":1,"2":0,"3":0,"4":0,"5":0,"6":0,"7":0,"8":1,"9":0,"10":0,"11":0,"12":0,"13":0,"14":0,"15":0,"16":0,"17":0,"18":0,"19":0,"20":0,"21":0,"22":0,"23":0,"24":1,"25":0,"26":0,"27":0,"28":0,"29":0,"30":1,"31":0,"32":0,"33":1,"34":0,"35":0},"f":{"0":0,"1":0,"2":0,"3":0,"4":0},"b":{"0":[0,0],"1":[0,0],"2":[0,0],"3":[0,0],"4":[0,0]},"_coverageSchema":"1a1c01bbd47fc00a2c39e90264f33305004495a9","hash":"dc8f08deb431b5754e63dfd80688481ad3236af6"}
,"D:\\work\\SE\\job_fair_Backend\\controllers\\companies.js": {"path":"D:\\work\\SE\\job_fair_Backend\\controllers\\companies.js","statementMap":{"0":{"start":{"line":1,"column":16},"end":{"line":1,"column":44}},"1":{"start":{"line":2,"column":18},"end":{"line":2,"column":48}},"2":{"start":{"line":3,"column":17},"end":{"line":3,"column":46}},"3":{"start":{"line":8,"column":0},"end":{"line":77,"column":2}},"4":{"start":{"line":12,"column":19},"end":{"line":12,"column":33}},"5":{"start":{"line":15,"column":25},"end":{"line":15,"column":57}},"6":{"start":{"line":18,"column":4},"end":{"line":18,"column":56}},"7":{"start":{"line":18,"column":32},"end":{"line":18,"column":54}},"8":{"start":{"line":19,"column":4},"end":{"line":19,"column":26}},"9":{"start":{"line":22,"column":19},"end":{"line":22,"column":43}},"10":{"start":{"line":23,"column":4},"end":{"line":23,"column":79}},"11":{"start":{"line":23,"column":66},"end":{"line":23,"column":77}},"12":{"start":{"line":25,"column":4},"end":{"line":25,"column":70}},"13":{"start":{"line":28,"column":4},"end":{"line":31,"column":5}},"14":{"start":{"line":29,"column":23},"end":{"line":29,"column":60}},"15":{"start":{"line":30,"column":8},"end":{"line":30,"column":37}},"16":{"start":{"line":34,"column":4},"end":{"line":39,"column":5}},"17":{"start":{"line":35,"column":23},"end":{"line":35,"column":58}},"18":{"start":{"line":36,"column":8},"end":{"line":36,"column":35}},"19":{"start":{"line":38,"column":8},"end":{"line":38,"column":35}},"20":{"start":{"line":42,"column":17},"end":{"line":42,"column":47}},"21":{"start":{"line":43,"column":18},"end":{"line":43,"column":52}},"22":{"start":{"line":44,"column":23},"end":{"line":44,"column":37}},"23":{"start":{"line":45,"column":21},"end":{"line":45,"column":31}},"24":{"start":{"line":46,"column":18},"end":{"line":46,"column":48}},"25":{"start":{"line":48,"column":4},"end":{"line":48,"column":48}},"26":{"start":{"line":49,"column":4},"end":{"line":76,"column":5}},"27":{"start":{"line":51,"column":26},"end":{"line":51,"column":37}},"28":{"start":{"line":53,"column":27},"end":{"line":53,"column":29}},"29":{"start":{"line":55,"column":8},"end":{"line":60,"column":9}},"30":{"start":{"line":56,"column":12},"end":{"line":59,"column":13}},"31":{"start":{"line":62,"column":8},"end":{"line":67,"column":9}},"32":{"start":{"line":63,"column":12},"end":{"line":66,"column":13}},"33":{"start":{"line":69,"column":8},"end":{"line":73,"column":11}},"34":{"start":{"line":75,"column":8},"end":{"line":75,"column":46}},"35":{"start":{"line":82,"column":0},"end":{"line":94,"column":2}},"36":{"start":{"line":83,"column":4},"end":{"line":93,"column":5}},"37":{"start":{"line":84,"column":24},"end":{"line":84,"column":61}},"38":{"start":{"line":86,"column":8},"end":{"line":88,"column":9}},"39":{"start":{"line":87,"column":12},"end":{"line":87,"column":57}},"40":{"start":{"line":90,"column":8},"end":{"line":90,"column":59}},"41":{"start":{"line":92,"column":8},"end":{"line":92,"column":46}},"42":{"start":{"line":98,"column":0},"end":{"line":113,"column":4}},"43":{"start":{"line":99,"column":4},"end":{"line":112,"column":5}},"44":{"start":{"line":100,"column":22},"end":{"line":100,"column":52}},"45":{"start":{"line":101,"column":6},"end":{"line":104,"column":9}},"46":{"start":{"line":106,"column":6},"end":{"line":106,"column":60}},"47":{"start":{"line":107,"column":6},"end":{"line":111,"column":9}},"48":{"start":{"line":119,"column":0},"end":{"line":134,"column":2}},"49":{"start":{"line":120,"column":4},"end":{"line":133,"column":5}},"50":{"start":{"line":121,"column":24},"end":{"line":124,"column":10}},"51":{"start":{"line":126,"column":8},"end":{"line":128,"column":9}},"52":{"start":{"line":127,"column":12},"end":{"line":127,"column":57}},"53":{"start":{"line":130,"column":8},"end":{"line":130,"column":59}},"54":{"start":{"line":132,"column":8},"end":{"line":132,"column":46}},"55":{"start":{"line":139,"column":0},"end":{"line":167,"column":2}},"56":{"start":{"line":140,"column":4},"end":{"line":166,"column":5}},"57":{"start":{"line":141,"column":24},"end":{"line":141,"column":61}},"58":{"start":{"line":143,"column":8},"end":{"line":148,"column":9}},"59":{"start":{"line":144,"column":12},"end":{"line":147,"column":15}},"60":{"start":{"line":151,"column":35},"end":{"line":151,"column":86}},"61":{"start":{"line":153,"column":8},"end":{"line":158,"column":9}},"62":{"start":{"line":154,"column":10},"end":{"line":157,"column":13}},"63":{"start":{"line":160,"column":8},"end":{"line":160,"column":62}},"64":{"start":{"line":161,"column":8},"end":{"line":161,"column":56}},"65":{"start":{"line":163,"column":8},"end":{"line":163,"column":58}},"66":{"start":{"line":165,"column":8},"end":{"line":165,"column":49}},"67":{"start":{"line":172,"column":0},"end":{"line":207,"column":2}},"68":{"start":{"line":173,"column":4},"end":{"line":206,"column":5}},"69":{"start":{"line":174,"column":23},"end":{"line":189,"column":10}},"70":{"start":{"line":191,"column":19},"end":{"line":191,"column":40}},"71":{"start":{"line":193,"column":8},"end":{"line":193,"column":91}},"72":{"start":{"line":193,"column":35},"end":{"line":193,"column":89}},"73":{"start":{"line":195,"column":8},"end":{"line":199,"column":11}},"74":{"start":{"line":201,"column":8},"end":{"line":201,"column":29}},"75":{"start":{"line":202,"column":8},"end":{"line":205,"column":11}}},"fnMap":{"0":{"name":"(anonymous_0)","decl":{"start":{"line":8,"column":23},"end":{"line":8,"column":24}},"loc":{"start":{"line":8,"column":46},"end":{"line":77,"column":1}},"line":8},"1":{"name":"(anonymous_1)","decl":{"start":{"line":18,"column":25},"end":{"line":18,"column":26}},"loc":{"start":{"line":18,"column":32},"end":{"line":18,"column":54}},"line":18},"2":{"name":"(anonymous_2)","decl":{"start":{"line":23,"column":59},"end":{"line":23,"column":60}},"loc":{"start":{"line":23,"column":66},"end":{"line":23,"column":77}},"line":23},"3":{"name":"(anonymous_3)","decl":{"start":{"line":82,"column":21},"end":{"line":82,"column":22}},"loc":{"start":{"line":82,"column":44},"end":{"line":94,"column":1}},"line":82},"4":{"name":"(anonymous_4)","decl":{"start":{"line":98,"column":24},"end":{"line":98,"column":25}},"loc":{"start":{"line":98,"column":50},"end":{"line":113,"column":3}},"line":98},"5":{"name":"(anonymous_5)","decl":{"start":{"line":119,"column":24},"end":{"line":119,"column":25}},"loc":{"start":{"line":119,"column":47},"end":{"line":134,"column":1}},"line":119},"6":{"name":"(anonymous_6)","decl":{"start":{"line":139,"column":24},"end":{"line":139,"column":25}},"loc":{"start":{"line":139,"column":47},"end":{"line":167,"column":1}},"line":139},"7":{"name":"(anonymous_7)","decl":{"start":{"line":172,"column":21},"end":{"line":172,"column":22}},"loc":{"start":{"line":172,"column":47},"end":{"line":207,"column":1}},"line":172},"8":{"name":"(anonymous_8)","decl":{"start":{"line":193,"column":25},"end":{"line":193,"column":26}},"loc":{"start":{"line":193,"column":35},"end":{"line":193,"column":89}},"line":193}},"branchMap":{"0":{"loc":{"start":{"line":28,"column":4},"end":{"line":31,"column":5}},"type":"if","locations":[{"start":{"line":28,"column":4},"end":{"line":31,"column":5}},{"start":{},"end":{}}],"line":28},"1":{"loc":{"start":{"line":34,"column":4},"end":{"line":39,"column":5}},"type":"if","locations":[{"start":{"line":34,"column":4},"end":{"line":39,"column":5}},{"start":{"line":37,"column":9},"end":{"line":39,"column":5}}],"line":34},"2":{"loc":{"start":{"line":42,"column":17},"end":{"line":42,"column":47}},"type":"binary-expr","locations":[{"start":{"line":42,"column":17},"end":{"line":42,"column":44}},{"start":{"line":42,"column":46},"end":{"line":42,"column":47}}],"line":42},"3":{"loc":{"start":{"line":43,"column":18},"end":{"line":43,"column":52}},"type":"binary-expr","locations":[{"start":{"line":43,"column":18},"end":{"line":43,"column":46}},{"start":{"line":43,"column":48},"end":{"line":43,"column":52}}],"line":43},"4":{"loc":{"start":{"line":55,"column":8},"end":{"line":60,"column":9}},"type":"if","locations":[{"start":{"line":55,"column":8},"end":{"line":60,"column":9}},{"start":{},"end":{}}],"line":55},"5":{"loc":{"start":{"line":62,"column":8},"end":{"line":67,"column":9}},"type":"if","locations":[{"start":{"line":62,"column":8},"end":{"line":67,"column":9}},{"start":{},"end":{}}],"line":62},"6":{"loc":{"start":{"line":86,"column":8},"end":{"line":88,"column":9}},"type":"if","locations":[{"start":{"line":86,"column":8},"end":{"line":88,"column":9}},{"start":{},"end":{}}],"line":86},"7":{"loc":{"start":{"line":126,"column":8},"end":{"line":128,"column":9}},"type":"if","locations":[{"start":{"line":126,"column":8},"end":{"line":128,"column":9}},{"start":{},"end":{}}],"line":126},"8":{"loc":{"start":{"line":143,"column":8},"end":{"line":148,"column":9}},"type":"if","locations":[{"start":{"line":143,"column":8},"end":{"line":148,"column":9}},{"start":{},"end":{}}],"line":143},"9":{"loc":{"start":{"line":153,"column":8},"end":{"line":158,"column":9}},"type":"if","locations":[{"start":{"line":153,"column":8},"end":{"line":158,"column":9}},{"start":{},"end":{}}],"line":153},"10":{"loc":{"start":{"line":191,"column":19},"end":{"line":191,"column":40}},"type":"binary-expr","locations":[{"start":{"line":191,"column":19},"end":{"line":191,"column":34}},{"start":{"line":191,"column":38},"end":{"line":191,"column":40}}],"line":191}},"s":{"0":2,"1":2,"2":2,"3":2,"4":3,"5":3,"6":3,"7":12,"8":3,"9":3,"10":3,"11":1,"12":3,"13":3,"14":1,"15":1,"16":3,"17":1,"18":1,"19":2,"20":3,"21":3,"22":3,"23":3,"24":3,"25":3,"26":3,"27":3,"28":2,"29":2,"30":1,"31":2,"32":1,"33":2,"34":1,"35":2,"36":3,"37":3,"38":2,"39":1,"40":1,"41":1,"42":2,"43":2,"44":2,"45":1,"46":1,"47":1,"48":2,"49":3,"50":3,"51":2,"52":1,"53":1,"54":1,"55":2,"56":3,"57":3,"58":2,"59":1,"60":1,"61":1,"62":0,"63":1,"64":1,"65":1,"66":1,"67":2,"68":3,"69":3,"70":2,"71":2,"72":3,"73":2,"74":1,"75":1},"f":{"0":3,"1":12,"2":1,"3":3,"4":2,"5":3,"6":3,"7":3,"8":3},"b":{"0":[1,2],"1":[1,2],"2":[3,2],"3":[3,2],"4":[1,1],"5":[1,1],"6":[1,1],"7":[1,1],"8":[1,1],"9":[0,1],"10":[2,1]},"_coverageSchema":"1a1c01bbd47fc00a2c39e90264f33305004495a9","hash":"69a42b112420de08cc8b3fe2307aa219d1d7b09b"}
,"D:\\work\\SE\\job_fair_Backend\\controllers\\interviews.js": {"path":"D:\\work\\SE\\job_fair_Backend\\controllers\\interviews.js","statementMap":{"0":{"start":{"line":1,"column":18},"end":{"line":1,"column":48}},"1":{"start":{"line":2,"column":16},"end":{"line":2,"column":44}},"2":{"start":{"line":3,"column":17},"end":{"line":3,"column":46}},"3":{"start":{"line":7,"column":0},"end":{"line":73,"column":2}},"4":{"start":{"line":11,"column":4},"end":{"line":56,"column":5}},"5":{"start":{"line":12,"column":8},"end":{"line":24,"column":15}},"6":{"start":{"line":27,"column":8},"end":{"line":55,"column":9}},"7":{"start":{"line":28,"column":12},"end":{"line":40,"column":19}},"8":{"start":{"line":42,"column":12},"end":{"line":54,"column":19}},"9":{"start":{"line":58,"column":4},"end":{"line":72,"column":5}},"10":{"start":{"line":59,"column":27},"end":{"line":59,"column":65}},"11":{"start":{"line":61,"column":8},"end":{"line":65,"column":11}},"12":{"start":{"line":67,"column":8},"end":{"line":67,"column":27}},"13":{"start":{"line":68,"column":8},"end":{"line":71,"column":11}},"14":{"start":{"line":79,"column":0},"end":{"line":113,"column":2}},"15":{"start":{"line":80,"column":4},"end":{"line":112,"column":5}},"16":{"start":{"line":81,"column":26},"end":{"line":93,"column":10}},"17":{"start":{"line":95,"column":8},"end":{"line":100,"column":9}},"18":{"start":{"line":96,"column":12},"end":{"line":99,"column":15}},"19":{"start":{"line":102,"column":8},"end":{"line":105,"column":11}},"20":{"start":{"line":107,"column":8},"end":{"line":107,"column":27}},"21":{"start":{"line":108,"column":8},"end":{"line":111,"column":11}},"22":{"start":{"line":118,"column":0},"end":{"line":179,"column":2}},"23":{"start":{"line":119,"column":4},"end":{"line":178,"column":5}},"24":{"start":{"line":120,"column":26},"end":{"line":120,"column":46}},"25":{"start":{"line":121,"column":56},"end":{"line":121,"column":64}},"26":{"start":{"line":123,"column":8},"end":{"line":123,"column":37}},"27":{"start":{"line":126,"column":24},"end":{"line":126,"column":57}},"28":{"start":{"line":127,"column":8},"end":{"line":132,"column":9}},"29":{"start":{"line":128,"column":12},"end":{"line":131,"column":15}},"30":{"start":{"line":135,"column":25},"end":{"line":135,"column":60}},"31":{"start":{"line":136,"column":8},"end":{"line":141,"column":9}},"32":{"start":{"line":137,"column":12},"end":{"line":140,"column":15}},"33":{"start":{"line":144,"column":21},"end":{"line":144,"column":44}},"34":{"start":{"line":145,"column":8},"end":{"line":150,"column":9}},"35":{"start":{"line":146,"column":12},"end":{"line":149,"column":15}},"36":{"start":{"line":153,"column":8},"end":{"line":153,"column":36}},"37":{"start":{"line":156,"column":25},"end":{"line":156,"column":68}},"38":{"start":{"line":157,"column":8},"end":{"line":162,"column":9}},"39":{"start":{"line":158,"column":12},"end":{"line":161,"column":15}},"40":{"start":{"line":165,"column":26},"end":{"line":165,"column":58}},"41":{"start":{"line":167,"column":8},"end":{"line":170,"column":11}},"42":{"start":{"line":173,"column":8},"end":{"line":173,"column":29}},"43":{"start":{"line":174,"column":8},"end":{"line":177,"column":11}},"44":{"start":{"line":185,"column":0},"end":{"line":220,"column":2}},"45":{"start":{"line":186,"column":4},"end":{"line":219,"column":5}},"46":{"start":{"line":187,"column":24},"end":{"line":187,"column":63}},"47":{"start":{"line":189,"column":8},"end":{"line":194,"column":9}},"48":{"start":{"line":190,"column":12},"end":{"line":193,"column":15}},"49":{"start":{"line":197,"column":8},"end":{"line":202,"column":9}},"50":{"start":{"line":198,"column":12},"end":{"line":201,"column":15}},"51":{"start":{"line":204,"column":8},"end":{"line":207,"column":11}},"52":{"start":{"line":209,"column":8},"end":{"line":212,"column":11}},"53":{"start":{"line":214,"column":8},"end":{"line":214,"column":27}},"54":{"start":{"line":215,"column":8},"end":{"line":218,"column":11}},"55":{"start":{"line":225,"column":0},"end":{"line":257,"column":2}},"56":{"start":{"line":226,"column":4},"end":{"line":256,"column":5}},"57":{"start":{"line":227,"column":26},"end":{"line":227,"column":65}},"58":{"start":{"line":229,"column":8},"end":{"line":234,"column":9}},"59":{"start":{"line":230,"column":12},"end":{"line":233,"column":15}},"60":{"start":{"line":237,"column":8},"end":{"line":242,"column":9}},"61":{"start":{"line":238,"column":12},"end":{"line":241,"column":15}},"62":{"start":{"line":244,"column":8},"end":{"line":244,"column":36}},"63":{"start":{"line":246,"column":8},"end":{"line":249,"column":11}},"64":{"start":{"line":251,"column":8},"end":{"line":251,"column":27}},"65":{"start":{"line":252,"column":8},"end":{"line":255,"column":11}}},"fnMap":{"0":{"name":"(anonymous_0)","decl":{"start":{"line":7,"column":24},"end":{"line":7,"column":25}},"loc":{"start":{"line":7,"column":50},"end":{"line":73,"column":1}},"line":7},"1":{"name":"(anonymous_1)","decl":{"start":{"line":79,"column":23},"end":{"line":79,"column":24}},"loc":{"start":{"line":79,"column":44},"end":{"line":113,"column":1}},"line":79},"2":{"name":"(anonymous_2)","decl":{"start":{"line":118,"column":26},"end":{"line":118,"column":27}},"loc":{"start":{"line":118,"column":52},"end":{"line":179,"column":1}},"line":118},"3":{"name":"(anonymous_3)","decl":{"start":{"line":185,"column":26},"end":{"line":185,"column":27}},"loc":{"start":{"line":185,"column":47},"end":{"line":220,"column":1}},"line":185},"4":{"name":"(anonymous_4)","decl":{"start":{"line":225,"column":26},"end":{"line":225,"column":27}},"loc":{"start":{"line":225,"column":47},"end":{"line":257,"column":1}},"line":225}},"branchMap":{"0":{"loc":{"start":{"line":11,"column":4},"end":{"line":56,"column":5}},"type":"if","locations":[{"start":{"line":11,"column":4},"end":{"line":56,"column":5}},{"start":{"line":25,"column":11},"end":{"line":56,"column":5}}],"line":11},"1":{"loc":{"start":{"line":27,"column":8},"end":{"line":55,"column":9}},"type":"if","locations":[{"start":{"line":27,"column":8},"end":{"line":55,"column":9}},{"start":{"line":41,"column":15},"end":{"line":55,"column":9}}],"line":27},"2":{"loc":{"start":{"line":95,"column":8},"end":{"line":100,"column":9}},"type":"if","locations":[{"start":{"line":95,"column":8},"end":{"line":100,"column":9}},{"start":{},"end":{}}],"line":95},"3":{"loc":{"start":{"line":127,"column":8},"end":{"line":132,"column":9}},"type":"if","locations":[{"start":{"line":127,"column":8},"end":{"line":132,"column":9}},{"start":{},"end":{}}],"line":127},"4":{"loc":{"start":{"line":136,"column":8},"end":{"line":141,"column":9}},"type":"if","locations":[{"start":{"line":136,"column":8},"end":{"line":141,"column":9}},{"start":{},"end":{}}],"line":136},"5":{"loc":{"start":{"line":136,"column":12},"end":{"line":136,"column":66}},"type":"binary-expr","locations":[{"start":{"line":136,"column":12},"end":{"line":136,"column":21}},{"start":{"line":136,"column":25},"end":{"line":136,"column":66}}],"line":136},"6":{"loc":{"start":{"line":145,"column":8},"end":{"line":150,"column":9}},"type":"if","locations":[{"start":{"line":145,"column":8},"end":{"line":150,"column":9}},{"start":{},"end":{}}],"line":145},"7":{"loc":{"start":{"line":145,"column":12},"end":{"line":145,"column":74}},"type":"binary-expr","locations":[{"start":{"line":145,"column":12},"end":{"line":145,"column":42}},{"start":{"line":145,"column":46},"end":{"line":145,"column":74}}],"line":145},"8":{"loc":{"start":{"line":157,"column":8},"end":{"line":162,"column":9}},"type":"if","locations":[{"start":{"line":157,"column":8},"end":{"line":162,"column":9}},{"start":{},"end":{}}],"line":157},"9":{"loc":{"start":{"line":157,"column":12},"end":{"line":157,"column":61}},"type":"binary-expr","locations":[{"start":{"line":157,"column":12},"end":{"line":157,"column":32}},{"start":{"line":157,"column":36},"end":{"line":157,"column":61}}],"line":157},"10":{"loc":{"start":{"line":189,"column":8},"end":{"line":194,"column":9}},"type":"if","locations":[{"start":{"line":189,"column":8},"end":{"line":194,"column":9}},{"start":{},"end":{}}],"line":189},"11":{"loc":{"start":{"line":197,"column":8},"end":{"line":202,"column":9}},"type":"if","locations":[{"start":{"line":197,"column":8},"end":{"line":202,"column":9}},{"start":{},"end":{}}],"line":197},"12":{"loc":{"start":{"line":197,"column":11},"end":{"line":197,"column":75}},"type":"binary-expr","locations":[{"start":{"line":197,"column":11},"end":{"line":197,"column":50}},{"start":{"line":197,"column":52},"end":{"line":197,"column":75}}],"line":197},"13":{"loc":{"start":{"line":229,"column":8},"end":{"line":234,"column":9}},"type":"if","locations":[{"start":{"line":229,"column":8},"end":{"line":234,"column":9}},{"start":{},"end":{}}],"line":229},"14":{"loc":{"start":{"line":237,"column":8},"end":{"line":242,"column":9}},"type":"if","locations":[{"start":{"line":237,"column":8},"end":{"line":242,"column":9}},{"start":{},"end":{}}],"line":237},"15":{"loc":{"start":{"line":237,"column":11},"end":{"line":237,"column":75}},"type":"binary-expr","locations":[{"start":{"line":237,"column":11},"end":{"line":237,"column":50}},{"start":{"line":237,"column":52},"end":{"line":237,"column":75}}],"line":237}},"s":{"0":1,"1":1,"2":1,"3":1,"4":0,"5":0,"6":0,"7":0,"8":0,"9":0,"10":0,"11":0,"12":0,"13":0,"14":1,"15":0,"16":0,"17":0,"18":0,"19":0,"20":0,"21":0,"22":1,"23":0,"24":0,"25":0,"26":0,"27":0,"28":0,"29":0,"30":0,"31":0,"32":0,"33":0,"34":0,"35":0,"36":0,"37":0,"38":0,"39":0,"40":0,"41":0,"42":0,"43":0,"44":1,"45":0,"46":0,"47":0,"48":0,"49":0,"50":0,"51":0,"52":0,"53":0,"54":0,"55":1,"56":0,"57":0,"58":0,"59":0,"60":0,"61":0,"62":0,"63":0,"64":0,"65":0},"f":{"0":0,"1":0,"2":0,"3":0,"4":0},"b":{"0":[0,0],"1":[0,0],"2":[0,0],"3":[0,0],"4":[0,0],"5":[0,0],"6":[0,0],"7":[0,0],"8":[0,0],"9":[0,0],"10":[0,0],"11":[0,0],"12":[0,0],"13":[0,0],"14":[0,0],"15":[0,0]},"_coverageSchema":"1a1c01bbd47fc00a2c39e90264f33305004495a9","hash":"49315cc8b0fe1a6177318a530c186e1b343f93fe"}
,"D:\\work\\SE\\job_fair_Backend\\controllers\\positions.js": {"path":"D:\\work\\SE\\job_fair_Backend\\controllers\\positions.js","statementMap":{"0":{"start":{"line":1,"column":17},"end":{"line":1,"column":46}},"1":{"start":{"line":2,"column":16},"end":{"line":2,"column":44}},"2":{"start":{"line":3,"column":18},"end":{"line":3,"column":48}},"3":{"start":{"line":9,"column":0},"end":{"line":39,"column":2}},"4":{"start":{"line":10,"column":4},"end":{"line":38,"column":5}},"5":{"start":{"line":13,"column":8},"end":{"line":23,"column":9}},"6":{"start":{"line":14,"column":12},"end":{"line":17,"column":15}},"7":{"start":{"line":19,"column":12},"end":{"line":22,"column":15}},"8":{"start":{"line":25,"column":26},"end":{"line":25,"column":53}},"9":{"start":{"line":27,"column":8},"end":{"line":31,"column":11}},"10":{"start":{"line":33,"column":8},"end":{"line":33,"column":27}},"11":{"start":{"line":34,"column":8},"end":{"line":37,"column":11}},"12":{"start":{"line":44,"column":0},"end":{"line":69,"column":2}},"13":{"start":{"line":45,"column":4},"end":{"line":68,"column":5}},"14":{"start":{"line":46,"column":25},"end":{"line":49,"column":10}},"15":{"start":{"line":51,"column":8},"end":{"line":56,"column":9}},"16":{"start":{"line":52,"column":12},"end":{"line":55,"column":15}},"17":{"start":{"line":58,"column":8},"end":{"line":61,"column":11}},"18":{"start":{"line":63,"column":8},"end":{"line":63,"column":27}},"19":{"start":{"line":64,"column":8},"end":{"line":67,"column":11}},"20":{"start":{"line":74,"column":0},"end":{"line":103,"column":2}},"21":{"start":{"line":76,"column":4},"end":{"line":102,"column":5}},"22":{"start":{"line":78,"column":24},"end":{"line":78,"column":68}},"23":{"start":{"line":80,"column":8},"end":{"line":85,"column":9}},"24":{"start":{"line":81,"column":12},"end":{"line":84,"column":15}},"25":{"start":{"line":87,"column":8},"end":{"line":87,"column":48}},"26":{"start":{"line":89,"column":25},"end":{"line":89,"column":56}},"27":{"start":{"line":92,"column":8},"end":{"line":95,"column":11}},"28":{"start":{"line":97,"column":8},"end":{"line":97,"column":27}},"29":{"start":{"line":98,"column":8},"end":{"line":101,"column":11}},"30":{"start":{"line":108,"column":0},"end":{"line":135,"column":2}},"31":{"start":{"line":109,"column":4},"end":{"line":134,"column":5}},"32":{"start":{"line":110,"column":23},"end":{"line":110,"column":61}},"33":{"start":{"line":112,"column":8},"end":{"line":117,"column":9}},"34":{"start":{"line":113,"column":12},"end":{"line":116,"column":15}},"35":{"start":{"line":119,"column":8},"end":{"line":122,"column":11}},"36":{"start":{"line":124,"column":8},"end":{"line":127,"column":11}},"37":{"start":{"line":129,"column":8},"end":{"line":129,"column":27}},"38":{"start":{"line":130,"column":8},"end":{"line":133,"column":11}},"39":{"start":{"line":141,"column":0},"end":{"line":176,"column":2}},"40":{"start":{"line":142,"column":4},"end":{"line":175,"column":5}},"41":{"start":{"line":143,"column":25},"end":{"line":143,"column":63}},"42":{"start":{"line":145,"column":8},"end":{"line":150,"column":9}},"43":{"start":{"line":146,"column":12},"end":{"line":149,"column":15}},"44":{"start":{"line":152,"column":35},"end":{"line":152,"column":87}},"45":{"start":{"line":154,"column":4},"end":{"line":159,"column":5}},"46":{"start":{"line":155,"column":6},"end":{"line":158,"column":9}},"47":{"start":{"line":163,"column":8},"end":{"line":163,"column":35}},"48":{"start":{"line":165,"column":8},"end":{"line":168,"column":11}},"49":{"start":{"line":170,"column":8},"end":{"line":170,"column":27}},"50":{"start":{"line":171,"column":8},"end":{"line":174,"column":11}},"51":{"start":{"line":180,"column":0},"end":{"line":215,"column":2}},"52":{"start":{"line":181,"column":4},"end":{"line":214,"column":5}},"53":{"start":{"line":182,"column":23},"end":{"line":197,"column":12}},"54":{"start":{"line":199,"column":22},"end":{"line":199,"column":44}},"55":{"start":{"line":200,"column":10},"end":{"line":200,"column":95}},"56":{"start":{"line":200,"column":39},"end":{"line":200,"column":93}},"57":{"start":{"line":203,"column":8},"end":{"line":207,"column":11}},"58":{"start":{"line":209,"column":8},"end":{"line":209,"column":29}},"59":{"start":{"line":210,"column":8},"end":{"line":213,"column":11}}},"fnMap":{"0":{"name":"(anonymous_0)","decl":{"start":{"line":9,"column":23},"end":{"line":9,"column":24}},"loc":{"start":{"line":9,"column":49},"end":{"line":39,"column":1}},"line":9},"1":{"name":"(anonymous_1)","decl":{"start":{"line":44,"column":22},"end":{"line":44,"column":23}},"loc":{"start":{"line":44,"column":48},"end":{"line":69,"column":1}},"line":44},"2":{"name":"(anonymous_2)","decl":{"start":{"line":74,"column":25},"end":{"line":74,"column":26}},"loc":{"start":{"line":74,"column":51},"end":{"line":103,"column":1}},"line":74},"3":{"name":"(anonymous_3)","decl":{"start":{"line":108,"column":25},"end":{"line":108,"column":26}},"loc":{"start":{"line":108,"column":51},"end":{"line":135,"column":1}},"line":108},"4":{"name":"(anonymous_4)","decl":{"start":{"line":141,"column":25},"end":{"line":141,"column":26}},"loc":{"start":{"line":141,"column":51},"end":{"line":176,"column":1}},"line":141},"5":{"name":"(anonymous_5)","decl":{"start":{"line":180,"column":22},"end":{"line":180,"column":23}},"loc":{"start":{"line":180,"column":48},"end":{"line":215,"column":1}},"line":180},"6":{"name":"(anonymous_6)","decl":{"start":{"line":200,"column":29},"end":{"line":200,"column":30}},"loc":{"start":{"line":200,"column":39},"end":{"line":200,"column":93}},"line":200}},"branchMap":{"0":{"loc":{"start":{"line":13,"column":8},"end":{"line":23,"column":9}},"type":"if","locations":[{"start":{"line":13,"column":8},"end":{"line":23,"column":9}},{"start":{"line":18,"column":15},"end":{"line":23,"column":9}}],"line":13},"1":{"loc":{"start":{"line":51,"column":8},"end":{"line":56,"column":9}},"type":"if","locations":[{"start":{"line":51,"column":8},"end":{"line":56,"column":9}},{"start":{},"end":{}}],"line":51},"2":{"loc":{"start":{"line":80,"column":8},"end":{"line":85,"column":9}},"type":"if","locations":[{"start":{"line":80,"column":8},"end":{"line":85,"column":9}},{"start":{},"end":{}}],"line":80},"3":{"loc":{"start":{"line":112,"column":8},"end":{"line":117,"column":9}},"type":"if","locations":[{"start":{"line":112,"column":8},"end":{"line":117,"column":9}},{"start":{},"end":{}}],"line":112},"4":{"loc":{"start":{"line":145,"column":8},"end":{"line":150,"column":9}},"type":"if","locations":[{"start":{"line":145,"column":8},"end":{"line":150,"column":9}},{"start":{},"end":{}}],"line":145},"5":{"loc":{"start":{"line":154,"column":4},"end":{"line":159,"column":5}},"type":"if","locations":[{"start":{"line":154,"column":4},"end":{"line":159,"column":5}},{"start":{},"end":{}}],"line":154},"6":{"loc":{"start":{"line":199,"column":22},"end":{"line":199,"column":44}},"type":"binary-expr","locations":[{"start":{"line":199,"column":22},"end":{"line":199,"column":38}},{"start":{"line":199,"column":42},"end":{"line":199,"column":44}}],"line":199}},"s":{"0":1,"1":1,"2":1,"3":1,"4":0,"5":0,"6":0,"7":0,"8":0,"9":0,"10":0,"11":0,"12":1,"13":0,"14":0,"15":0,"16":0,"17":0,"18":0,"19":0,"20":1,"21":0,"22":0,"23":0,"24":0,"25":0,"26":0,"27":0,"28":0,"29":0,"30":1,"31":0,"32":0,"33":0,"34":0,"35":0,"36":0,"37":0,"38":0,"39":1,"40":0,"41":0,"42":0,"43":0,"44":0,"45":0,"46":0,"47":0,"48":0,"49":0,"50":0,"51":1,"52":0,"53":0,"54":0,"55":0,"56":0,"57":0,"58":0,"59":0},"f":{"0":0,"1":0,"2":0,"3":0,"4":0,"5":0,"6":0},"b":{"0":[0,0],"1":[0,0],"2":[0,0],"3":[0,0],"4":[0,0],"5":[0,0],"6":[0,0]},"_coverageSchema":"1a1c01bbd47fc00a2c39e90264f33305004495a9","hash":"efa5916b649be9773423730066eea59a64b7431e"}
,"D:\\work\\SE\\job_fair_Backend\\middleware\\auth.js": {"path":"D:\\work\\SE\\job_fair_Backend\\middleware\\auth.js","statementMap":{"0":{"start":{"line":1,"column":12},"end":{"line":1,"column":35}},"1":{"start":{"line":2,"column":13},"end":{"line":2,"column":38}},"2":{"start":{"line":5,"column":0},"end":{"line":27,"column":1}},"3":{"start":{"line":8,"column":4},"end":{"line":10,"column":5}},"4":{"start":{"line":9,"column":8},"end":{"line":9,"column":56}},"5":{"start":{"line":13,"column":4},"end":{"line":15,"column":5}},"6":{"start":{"line":14,"column":8},"end":{"line":14,"column":98}},"7":{"start":{"line":17,"column":4},"end":{"line":26,"column":5}},"8":{"start":{"line":19,"column":24},"end":{"line":19,"column":64}},"9":{"start":{"line":20,"column":8},"end":{"line":20,"column":29}},"10":{"start":{"line":21,"column":8},"end":{"line":21,"column":51}},"11":{"start":{"line":22,"column":8},"end":{"line":22,"column":15}},"12":{"start":{"line":24,"column":8},"end":{"line":24,"column":31}},"13":{"start":{"line":25,"column":8},"end":{"line":25,"column":98}},"14":{"start":{"line":30,"column":0},"end":{"line":37,"column":1}},"15":{"start":{"line":31,"column":4},"end":{"line":36,"column":5}},"16":{"start":{"line":32,"column":8},"end":{"line":34,"column":9}},"17":{"start":{"line":33,"column":12},"end":{"line":33,"column":133}},"18":{"start":{"line":35,"column":8},"end":{"line":35,"column":15}}},"fnMap":{"0":{"name":"(anonymous_0)","decl":{"start":{"line":5,"column":18},"end":{"line":5,"column":19}},"loc":{"start":{"line":5,"column":39},"end":{"line":27,"column":1}},"line":5},"1":{"name":"(anonymous_1)","decl":{"start":{"line":30,"column":20},"end":{"line":30,"column":21}},"loc":{"start":{"line":30,"column":32},"end":{"line":37,"column":1}},"line":30},"2":{"name":"(anonymous_2)","decl":{"start":{"line":31,"column":10},"end":{"line":31,"column":11}},"loc":{"start":{"line":31,"column":26},"end":{"line":36,"column":5}},"line":31}},"branchMap":{"0":{"loc":{"start":{"line":8,"column":4},"end":{"line":10,"column":5}},"type":"if","locations":[{"start":{"line":8,"column":4},"end":{"line":10,"column":5}},{"start":{},"end":{}}],"line":8},"1":{"loc":{"start":{"line":8,"column":7},"end":{"line":8,"column":82}},"type":"binary-expr","locations":[{"start":{"line":8,"column":7},"end":{"line":8,"column":32}},{"start":{"line":8,"column":36},"end":{"line":8,"column":82}}],"line":8},"2":{"loc":{"start":{"line":13,"column":4},"end":{"line":15,"column":5}},"type":"if","locations":[{"start":{"line":13,"column":4},"end":{"line":15,"column":5}},{"start":{},"end":{}}],"line":13},"3":{"loc":{"start":{"line":13,"column":7},"end":{"line":13,"column":33}},"type":"binary-expr","locations":[{"start":{"line":13,"column":7},"end":{"line":13,"column":13}},{"start":{"line":13,"column":17},"end":{"line":13,"column":33}}],"line":13},"4":{"loc":{"start":{"line":32,"column":8},"end":{"line":34,"column":9}},"type":"if","locations":[{"start":{"line":32,"column":8},"end":{"line":34,"column":9}},{"start":{},"end":{}}],"line":32}},"s":{"0":1,"1":1,"2":1,"3":0,"4":0,"5":0,"6":0,"7":0,"8":0,"9":0,"10":0,"11":0,"12":0,"13":0,"14":1,"15":9,"16":0,"17":0,"18":0},"f":{"0":0,"1":9,"2":0},"b":{"0":[0,0],"1":[0,0],"2":[0,0],"3":[0,0],"4":[0,0]},"_coverageSchema":"1a1c01bbd47fc00a2c39e90264f33305004495a9","hash":"c5fcd69f43e55b2d7bf934164140ef6e3da2d39f"}
,"D:\\work\\SE\\job_fair_Backend\\models\\Company.js": {"path":"D:\\work\\SE\\job_fair_Backend\\models\\Company.js","statementMap":{"0":{"start":{"line":1,"column":17},"end":{"line":1,"column":36}},"1":{"start":{"line":3,"column":22},"end":{"line":65,"column":2}},"2":{"start":{"line":68,"column":0},"end":{"line":73,"column":3}},"3":{"start":{"line":75,"column":0},"end":{"line":75,"column":58}}},"fnMap":{},"branchMap":{},"s":{"0":2,"1":2,"2":2,"3":2},"f":{},"b":{},"_coverageSchema":"1a1c01bbd47fc00a2c39e90264f33305004495a9","hash":"7960ef3746c51fbdb4caf1cd8a1fbc4610a2d6dc"}
,"D:\\work\\SE\\job_fair_Backend\\models\\Interview.js": {"path":"D:\\work\\SE\\job_fair_Backend\\models\\Interview.js","statementMap":{"0":{"start":{"line":2,"column":17},"end":{"line":2,"column":36}},"1":{"start":{"line":4,"column":24},"end":{"line":28,"column":2}},"2":{"start":{"line":30,"column":0},"end":{"line":30,"column":62}}},"fnMap":{},"branchMap":{},"s":{"0":2,"1":2,"2":2},"f":{},"b":{},"_coverageSchema":"1a1c01bbd47fc00a2c39e90264f33305004495a9","hash":"1ba52b8c35ee2d91667eeeee26611dd2082d9a31"}
,"D:\\work\\SE\\job_fair_Backend\\models\\Position.js": {"path":"D:\\work\\SE\\job_fair_Backend\\models\\Position.js","statementMap":{"0":{"start":{"line":1,"column":17},"end":{"line":1,"column":36}},"1":{"start":{"line":3,"column":23},"end":{"line":86,"column":2}},"2":{"start":{"line":46,"column":12},"end":{"line":46,"column":42}},"3":{"start":{"line":77,"column":16},"end":{"line":77,"column":75}},"4":{"start":{"line":88,"column":0},"end":{"line":88,"column":60}}},"fnMap":{"0":{"name":"(anonymous_0)","decl":{"start":{"line":45,"column":21},"end":{"line":45,"column":22}},"loc":{"start":{"line":45,"column":38},"end":{"line":47,"column":11}},"line":45},"1":{"name":"(anonymous_1)","decl":{"start":{"line":76,"column":23},"end":{"line":76,"column":24}},"loc":{"start":{"line":76,"column":40},"end":{"line":78,"column":13}},"line":76}},"branchMap":{"0":{"loc":{"start":{"line":77,"column":23},"end":{"line":77,"column":74}},"type":"binary-expr","locations":[{"start":{"line":77,"column":23},"end":{"line":77,"column":43}},{"start":{"line":77,"column":47},"end":{"line":77,"column":74}}],"line":77}},"s":{"0":2,"1":2,"2":0,"3":0,"4":2},"f":{"0":0,"1":0},"b":{"0":[0,0]},"_coverageSchema":"1a1c01bbd47fc00a2c39e90264f33305004495a9","hash":"ce85b1e06d32fd0f0b4bd80b52c5dd864ec29c24"}
,"D:\\work\\SE\\job_fair_Backend\\models\\User.js": {"path":"D:\\work\\SE\\job_fair_Backend\\models\\User.js","statementMap":{"0":{"start":{"line":1,"column":17},"end":{"line":1,"column":36}},"1":{"start":{"line":2,"column":15},"end":{"line":2,"column":34}},"2":{"start":{"line":3,"column":12},"end":{"line":3,"column":35}},"3":{"start":{"line":5,"column":17},"end":{"line":44,"column":2}},"4":{"start":{"line":47,"column":0},"end":{"line":50,"column":3}},"5":{"start":{"line":48,"column":17},"end":{"line":48,"column":41}},"6":{"start":{"line":49,"column":4},"end":{"line":49,"column":58}},"7":{"start":{"line":53,"column":0},"end":{"line":57,"column":1}},"8":{"start":{"line":54,"column":4},"end":{"line":56,"column":7}},"9":{"start":{"line":60,"column":0},"end":{"line":62,"column":1}},"10":{"start":{"line":61,"column":4},"end":{"line":61,"column":63}},"11":{"start":{"line":64,"column":0},"end":{"line":64,"column":51}}},"fnMap":{"0":{"name":"(anonymous_0)","decl":{"start":{"line":47,"column":22},"end":{"line":47,"column":23}},"loc":{"start":{"line":47,"column":44},"end":{"line":50,"column":1}},"line":47},"1":{"name":"(anonymous_1)","decl":{"start":{"line":53,"column":39},"end":{"line":53,"column":40}},"loc":{"start":{"line":53,"column":49},"end":{"line":57,"column":1}},"line":53},"2":{"name":"(anonymous_2)","decl":{"start":{"line":60,"column":35},"end":{"line":60,"column":36}},"loc":{"start":{"line":60,"column":68},"end":{"line":62,"column":1}},"line":60}},"branchMap":{},"s":{"0":1,"1":1,"2":1,"3":1,"4":1,"5":0,"6":0,"7":1,"8":0,"9":1,"10":0,"11":1},"f":{"0":0,"1":0,"2":0},"b":{},"_coverageSchema":"1a1c01bbd47fc00a2c39e90264f33305004495a9","hash":"6163c587d06a80119c79ef03c6e942ebd34c84c5"}
,"D:\\work\\SE\\job_fair_Backend\\routes\\auth.js": {"path":"D:\\work\\SE\\job_fair_Backend\\routes\\auth.js","statementMap":{"0":{"start":{"line":1,"column":16},"end":{"line":1,"column":34}},"1":{"start":{"line":2,"column":39},"end":{"line":2,"column":69}},"2":{"start":{"line":4,"column":15},"end":{"line":4,"column":31}},"3":{"start":{"line":6,"column":18},"end":{"line":6,"column":47}},"4":{"start":{"line":107,"column":0},"end":{"line":107,"column":34}},"5":{"start":{"line":108,"column":0},"end":{"line":108,"column":28}},"6":{"start":{"line":109,"column":0},"end":{"line":109,"column":32}},"7":{"start":{"line":110,"column":0},"end":{"line":110,"column":30}},"8":{"start":{"line":112,"column":0},"end":{"line":112,"column":24}}},"fnMap":{},"branchMap":{},"s":{"0":1,"1":1,"2":1,"3":1,"4":1,"5":1,"6":1,"7":1,"8":1},"f":{},"b":{},"_coverageSchema":"1a1c01bbd47fc00a2c39e90264f33305004495a9","hash":"d605a855bfcef7a29653d3696fe1e57fcdc04b47"}
,"D:\\work\\SE\\job_fair_Backend\\routes\\companies.js": {"path":"D:\\work\\SE\\job_fair_Backend\\routes\\companies.js","statementMap":{"0":{"start":{"line":1,"column":16},"end":{"line":1,"column":34}},"1":{"start":{"line":2,"column":87},"end":{"line":2,"column":122}},"2":{"start":{"line":5,"column":24},"end":{"line":5,"column":47}},"3":{"start":{"line":7,"column":15},"end":{"line":7,"column":31}},"4":{"start":{"line":9,"column":28},"end":{"line":9,"column":57}},"5":{"start":{"line":167,"column":0},"end":{"line":167,"column":54}},"6":{"start":{"line":169,"column":0},"end":{"line":169,"column":32}},"7":{"start":{"line":170,"column":0},"end":{"line":170,"column":83}},"8":{"start":{"line":171,"column":0},"end":{"line":171,"column":132}},"9":{"start":{"line":173,"column":0},"end":{"line":173,"column":24}}},"fnMap":{},"branchMap":{},"s":{"0":1,"1":1,"2":1,"3":1,"4":1,"5":1,"6":1,"7":1,"8":1,"9":1},"f":{},"b":{},"_coverageSchema":"1a1c01bbd47fc00a2c39e90264f33305004495a9","hash":"93d0c0d55b1798b158b87225051aeeeeb531a247"}
,"D:\\work\\SE\\job_fair_Backend\\routes\\interviews.js": {"path":"D:\\work\\SE\\job_fair_Backend\\routes\\interviews.js","statementMap":{"0":{"start":{"line":1,"column":16},"end":{"line":1,"column":34}},"1":{"start":{"line":2,"column":85},"end":{"line":2,"column":121}},"2":{"start":{"line":4,"column":15},"end":{"line":4,"column":49}},"3":{"start":{"line":6,"column":28},"end":{"line":6,"column":57}},"4":{"start":{"line":124,"column":0},"end":{"line":126,"column":61}},"5":{"start":{"line":127,"column":0},"end":{"line":130,"column":63}},"6":{"start":{"line":132,"column":0},"end":{"line":132,"column":24}}},"fnMap":{},"branchMap":{},"s":{"0":1,"1":1,"2":1,"3":1,"4":1,"5":1,"6":1},"f":{},"b":{},"_coverageSchema":"1a1c01bbd47fc00a2c39e90264f33305004495a9","hash":"2d292481830764ae98c7b4a699086605af6c14f7"}
,"D:\\work\\SE\\job_fair_Backend\\routes\\positions.js": {"path":"D:\\work\\SE\\job_fair_Backend\\routes\\positions.js","statementMap":{"0":{"start":{"line":1,"column":16},"end":{"line":1,"column":34}},"1":{"start":{"line":9,"column":4},"end":{"line":9,"column":39}},"2":{"start":{"line":11,"column":28},"end":{"line":11,"column":57}},"3":{"start":{"line":183,"column":15},"end":{"line":183,"column":52}},"4":{"start":{"line":185,"column":0},"end":{"line":185,"column":35}},"5":{"start":{"line":186,"column":0},"end":{"line":186,"column":84}},"6":{"start":{"line":187,"column":0},"end":{"line":190,"column":55}},"7":{"start":{"line":192,"column":0},"end":{"line":192,"column":24}}},"fnMap":{},"branchMap":{},"s":{"0":1,"1":1,"2":1,"3":1,"4":1,"5":1,"6":1,"7":1},"f":{},"b":{},"_coverageSchema":"1a1c01bbd47fc00a2c39e90264f33305004495a9","hash":"b78495c6b7a8d05cb2d86e6979e000370828bc07"}
}
