TN:
SF:server.js
FN:95,(anonymous_0)
FN:97,(anonymous_1)
FNF:2
FNH:0
FNDA:0,(anonymous_0)
FNDA:0,(anonymous_1)
DA:1,1
DA:2,1
DA:3,1
DA:4,1
DA:5,1
DA:6,1
DA:7,1
DA:8,1
DA:9,1
DA:10,1
DA:11,1
DA:12,1
DA:13,1
DA:16,1
DA:18,1
DA:21,1
DA:22,1
DA:23,1
DA:24,1
DA:26,1
DA:29,1
DA:32,1
DA:35,1
DA:38,1
DA:41,1
DA:44,1
DA:46,1
DA:47,1
DA:49,1
DA:51,1
DA:55,1
DA:58,1
DA:59,1
DA:60,1
DA:61,1
DA:63,1
DA:64,1
DA:66,1
DA:68,1
DA:75,1
DA:92,1
DA:93,1
DA:95,1
DA:96,0
DA:97,0
DA:100,1
LF:46
LH:44
BRDA:66,0,0,1
BRDA:66,0,1,1
BRF:2
BRH:2
end_of_record
TN:
SF:config\db.js
FN:3,(anonymous_0)
FNF:1
FNH:1
FNDA:1,(anonymous_0)
DA:1,1
DA:3,1
DA:4,1
DA:5,1
DA:7,0
DA:11,1
LF:6
LH:5
BRF:0
BRH:0
end_of_record
TN:
SF:controllers\auth.js
FN:6,(anonymous_0)
FN:31,(anonymous_1)
FN:65,(anonymous_2)
FN:91,(anonymous_3)
FN:99,(anonymous_4)
FNF:5
FNH:0
FNDA:0,(anonymous_0)
FNDA:0,(anonymous_1)
FNDA:0,(anonymous_2)
FNDA:0,(anonymous_3)
FNDA:0,(anonymous_4)
DA:1,1
DA:6,1
DA:7,0
DA:8,0
DA:11,0
DA:21,0
DA:23,0
DA:24,0
DA:31,1
DA:32,0
DA:33,0
DA:36,0
DA:37,0
DA:38,0
DA:42,0
DA:44,0
DA:45,0
DA:46,0
DA:50,0
DA:51,0
DA:52,0
DA:53,0
DA:57,0
DA:59,0
DA:65,1
DA:67,0
DA:69,0
DA:74,0
DA:75,0
DA:77,0
DA:91,1
DA:92,0
DA:93,0
DA:99,1
DA:100,0
DA:104,0
LF:36
LH:6
BRDA:36,0,0,0
BRDA:36,0,1,0
BRDA:36,1,0,0
BRDA:36,1,1,0
BRDA:44,2,0,0
BRDA:44,2,1,0
BRDA:51,3,0,0
BRDA:51,3,1,0
BRDA:74,4,0,0
BRDA:74,4,1,0
BRF:10
BRH:0
end_of_record
TN:
SF:controllers\companies.js
FN:8,(anonymous_0)
FN:18,(anonymous_1)
FN:23,(anonymous_2)
FN:82,(anonymous_3)
FN:98,(anonymous_4)
FN:119,(anonymous_5)
FN:139,(anonymous_6)
FN:172,(anonymous_7)
FN:193,(anonymous_8)
FNF:9
FNH:9
FNDA:3,(anonymous_0)
FNDA:12,(anonymous_1)
FNDA:1,(anonymous_2)
FNDA:3,(anonymous_3)
FNDA:2,(anonymous_4)
FNDA:3,(anonymous_5)
FNDA:3,(anonymous_6)
FNDA:3,(anonymous_7)
FNDA:3,(anonymous_8)
DA:1,2
DA:2,2
DA:3,2
DA:8,2
DA:12,3
DA:15,3
DA:18,12
DA:19,3
DA:22,3
DA:23,3
DA:25,3
DA:28,3
DA:29,1
DA:30,1
DA:34,3
DA:35,1
DA:36,1
DA:38,2
DA:42,3
DA:43,3
DA:44,3
DA:45,3
DA:46,3
DA:48,3
DA:49,3
DA:51,3
DA:53,2
DA:55,2
DA:56,1
DA:62,2
DA:63,1
DA:69,2
DA:75,1
DA:82,2
DA:83,3
DA:84,3
DA:86,2
DA:87,1
DA:90,1
DA:92,1
DA:98,2
DA:99,2
DA:100,2
DA:101,1
DA:106,1
DA:107,1
DA:119,2
DA:120,3
DA:121,3
DA:126,2
DA:127,1
DA:130,1
DA:132,1
DA:139,2
DA:140,3
DA:141,3
DA:143,2
DA:144,1
DA:151,1
DA:153,1
DA:154,0
DA:160,1
DA:161,1
DA:163,1
DA:165,1
DA:172,2
DA:173,3
DA:174,3
DA:191,2
DA:193,3
DA:195,2
DA:201,1
DA:202,1
LF:73
LH:72
BRDA:28,0,0,1
BRDA:28,0,1,2
BRDA:34,1,0,1
BRDA:34,1,1,2
BRDA:42,2,0,3
BRDA:42,2,1,2
BRDA:43,3,0,3
BRDA:43,3,1,2
BRDA:55,4,0,1
BRDA:55,4,1,1
BRDA:62,5,0,1
BRDA:62,5,1,1
BRDA:86,6,0,1
BRDA:86,6,1,1
BRDA:126,7,0,1
BRDA:126,7,1,1
BRDA:143,8,0,1
BRDA:143,8,1,1
BRDA:153,9,0,0
BRDA:153,9,1,1
BRDA:191,10,0,2
BRDA:191,10,1,1
BRF:22
BRH:21
end_of_record
TN:
SF:controllers\interviews.js
FN:7,(anonymous_0)
FN:79,(anonymous_1)
FN:118,(anonymous_2)
FN:185,(anonymous_3)
FN:225,(anonymous_4)
FNF:5
FNH:0
FNDA:0,(anonymous_0)
FNDA:0,(anonymous_1)
FNDA:0,(anonymous_2)
FNDA:0,(anonymous_3)
FNDA:0,(anonymous_4)
DA:1,1
DA:2,1
DA:3,1
DA:7,1
DA:11,0
DA:12,0
DA:27,0
DA:28,0
DA:42,0
DA:58,0
DA:59,0
DA:61,0
DA:67,0
DA:68,0
DA:79,1
DA:80,0
DA:81,0
DA:95,0
DA:96,0
DA:102,0
DA:107,0
DA:108,0
DA:118,1
DA:119,0
DA:120,0
DA:121,0
DA:123,0
DA:126,0
DA:127,0
DA:128,0
DA:135,0
DA:136,0
DA:137,0
DA:144,0
DA:145,0
DA:146,0
DA:153,0
DA:156,0
DA:157,0
DA:158,0
DA:165,0
DA:167,0
DA:173,0
DA:174,0
DA:185,1
DA:186,0
DA:187,0
DA:189,0
DA:190,0
DA:197,0
DA:198,0
DA:204,0
DA:209,0
DA:214,0
DA:215,0
DA:225,1
DA:226,0
DA:227,0
DA:229,0
DA:230,0
DA:237,0
DA:238,0
DA:244,0
DA:246,0
DA:251,0
DA:252,0
LF:66
LH:8
BRDA:11,0,0,0
BRDA:11,0,1,0
BRDA:27,1,0,0
BRDA:27,1,1,0
BRDA:95,2,0,0
BRDA:95,2,1,0
BRDA:127,3,0,0
BRDA:127,3,1,0
BRDA:136,4,0,0
BRDA:136,4,1,0
BRDA:136,5,0,0
BRDA:136,5,1,0
BRDA:145,6,0,0
BRDA:145,6,1,0
BRDA:145,7,0,0
BRDA:145,7,1,0
BRDA:157,8,0,0
BRDA:157,8,1,0
BRDA:157,9,0,0
BRDA:157,9,1,0
BRDA:189,10,0,0
BRDA:189,10,1,0
BRDA:197,11,0,0
BRDA:197,11,1,0
BRDA:197,12,0,0
BRDA:197,12,1,0
BRDA:229,13,0,0
BRDA:229,13,1,0
BRDA:237,14,0,0
BRDA:237,14,1,0
BRDA:237,15,0,0
BRDA:237,15,1,0
BRF:32
BRH:0
end_of_record
TN:
SF:controllers\positions.js
FN:9,(anonymous_0)
FN:44,(anonymous_1)
FN:74,(anonymous_2)
FN:108,(anonymous_3)
FN:141,(anonymous_4)
FN:180,(anonymous_5)
FN:200,(anonymous_6)
FNF:7
FNH:0
FNDA:0,(anonymous_0)
FNDA:0,(anonymous_1)
FNDA:0,(anonymous_2)
FNDA:0,(anonymous_3)
FNDA:0,(anonymous_4)
FNDA:0,(anonymous_5)
FNDA:0,(anonymous_6)
DA:1,1
DA:2,1
DA:3,1
DA:9,1
DA:10,0
DA:13,0
DA:14,0
DA:19,0
DA:25,0
DA:27,0
DA:33,0
DA:34,0
DA:44,1
DA:45,0
DA:46,0
DA:51,0
DA:52,0
DA:58,0
DA:63,0
DA:64,0
DA:74,1
DA:76,0
DA:78,0
DA:80,0
DA:81,0
DA:87,0
DA:89,0
DA:92,0
DA:97,0
DA:98,0
DA:108,1
DA:109,0
DA:110,0
DA:112,0
DA:113,0
DA:119,0
DA:124,0
DA:129,0
DA:130,0
DA:141,1
DA:142,0
DA:143,0
DA:145,0
DA:146,0
DA:152,0
DA:154,0
DA:155,0
DA:163,0
DA:165,0
DA:170,0
DA:171,0
DA:180,1
DA:181,0
DA:182,0
DA:199,0
DA:200,0
DA:203,0
DA:209,0
DA:210,0
LF:59
LH:9
BRDA:13,0,0,0
BRDA:13,0,1,0
BRDA:51,1,0,0
BRDA:51,1,1,0
BRDA:80,2,0,0
BRDA:80,2,1,0
BRDA:112,3,0,0
BRDA:112,3,1,0
BRDA:145,4,0,0
BRDA:145,4,1,0
BRDA:154,5,0,0
BRDA:154,5,1,0
BRDA:199,6,0,0
BRDA:199,6,1,0
BRF:14
BRH:0
end_of_record
TN:
SF:middleware\auth.js
FN:5,(anonymous_0)
FN:30,(anonymous_1)
FN:31,(anonymous_2)
FNF:3
FNH:1
FNDA:0,(anonymous_0)
FNDA:9,(anonymous_1)
FNDA:0,(anonymous_2)
DA:1,1
DA:2,1
DA:5,1
DA:8,0
DA:9,0
DA:13,0
DA:14,0
DA:17,0
DA:19,0
DA:20,0
DA:21,0
DA:22,0
DA:24,0
DA:25,0
DA:30,1
DA:31,9
DA:32,0
DA:33,0
DA:35,0
LF:19
LH:5
BRDA:8,0,0,0
BRDA:8,0,1,0
BRDA:8,1,0,0
BRDA:8,1,1,0
BRDA:13,2,0,0
BRDA:13,2,1,0
BRDA:13,3,0,0
BRDA:13,3,1,0
BRDA:32,4,0,0
BRDA:32,4,1,0
BRF:10
BRH:0
end_of_record
TN:
SF:models\Company.js
FNF:0
FNH:0
DA:1,2
DA:3,2
DA:68,2
DA:75,2
LF:4
LH:4
BRF:0
BRH:0
end_of_record
TN:
SF:models\Interview.js
FNF:0
FNH:0
DA:2,2
DA:4,2
DA:30,2
LF:3
LH:3
BRF:0
BRH:0
end_of_record
TN:
SF:models\Position.js
FN:45,(anonymous_0)
FN:76,(anonymous_1)
FNF:2
FNH:0
FNDA:0,(anonymous_0)
FNDA:0,(anonymous_1)
DA:1,2
DA:3,2
DA:46,0
DA:77,0
DA:88,2
LF:5
LH:3
BRDA:77,0,0,0
BRDA:77,0,1,0
BRF:2
BRH:0
end_of_record
TN:
SF:models\User.js
FN:47,(anonymous_0)
FN:53,(anonymous_1)
FN:60,(anonymous_2)
FNF:3
FNH:0
FNDA:0,(anonymous_0)
FNDA:0,(anonymous_1)
FNDA:0,(anonymous_2)
DA:1,1
DA:2,1
DA:3,1
DA:5,1
DA:47,1
DA:48,0
DA:49,0
DA:53,1
DA:54,0
DA:60,1
DA:61,0
DA:64,1
LF:12
LH:8
BRF:0
BRH:0
end_of_record
TN:
SF:routes\auth.js
FNF:0
FNH:0
DA:1,1
DA:2,1
DA:4,1
DA:6,1
DA:107,1
DA:108,1
DA:109,1
DA:110,1
DA:112,1
LF:9
LH:9
BRF:0
BRH:0
end_of_record
TN:
SF:routes\companies.js
FNF:0
FNH:0
DA:1,1
DA:2,1
DA:5,1
DA:7,1
DA:9,1
DA:167,1
DA:169,1
DA:170,1
DA:171,1
DA:173,1
LF:10
LH:10
BRF:0
BRH:0
end_of_record
TN:
SF:routes\interviews.js
FNF:0
FNH:0
DA:1,1
DA:2,1
DA:4,1
DA:6,1
DA:124,1
DA:127,1
DA:132,1
LF:7
LH:7
BRF:0
BRH:0
end_of_record
TN:
SF:routes\positions.js
FNF:0
FNH:0
DA:1,1
DA:9,1
DA:11,1
DA:183,1
DA:185,1
DA:186,1
DA:187,1
DA:192,1
LF:8
LH:8
BRF:0
BRH:0
end_of_record
